This is pdfTeX, Version 3.141592653-2.6-1.40.24 (MiKTeX 23.1) (preloaded format=pdflatex 2023.3.13)  8 FEB 2024 22:50
entering extended mode
 \write18 enabled.
 file:line:error style messages enabled.
 %&-line parsing enabled.
**c:/Users/16195/Documents/UCSD/CSE/CSE151B/PA2/cse151b251b-wi24-pa2-ado/report/report.tex
(c:/Users/16195/Documents/UCSD/CSE/CSE151B/PA2/cse151b251b-wi24-pa2-ado/report/report.tex
LaTeX2e <2022-11-01> patch level 1
L3 programming layer <2023-02-07> (C:\Users\16195\AppData\Local\Programs\MiKTeX\tex/latex/base\article.cls
Document Class: article 2022/07/02 v1.4n Standard LaTeX document class
(C:\Users\16195\AppData\Local\Programs\MiKTeX\tex/latex/base\size10.clo
File: size10.clo 2022/07/02 v1.4n Standard LaTeX file (size option)
)
\c@part=\count185
\c@section=\count186
\c@subsection=\count187
\c@subsubsection=\count188
\c@paragraph=\count189
\c@subparagraph=\count190
\c@figure=\count191
\c@table=\count192
\abovecaptionskip=\skip48
\belowcaptionskip=\skip49
\bibindent=\dimen140
) (neurips_2023.sty
Package: neurips_2023 2023/03/31 NeurIPS 2023 submission/camera-ready style file
 (C:\Users\16195\AppData\Local\Programs\MiKTeX\tex/latex/environ\environ.sty
Package: environ 2014/05/04 v0.3 A new way to define environments
 (C:\Users\16195\AppData\Local\Programs\MiKTeX\tex/latex/trimspaces\trimspaces.sty
Package: trimspaces 2009/09/17 v1.1 Trim spaces around a token list
)
\@envbody=\toks16
) (C:\Users\16195\AppData\Local\Programs\MiKTeX\tex/latex/natbib\natbib.sty
Package: natbib 2010/09/13 8.31b (PWD, AO)
\bibhang=\skip50
\bibsep=\skip51
LaTeX Info: Redefining \cite on input line 694.
\c@NAT@ctr=\count193
) (C:\Users\16195\AppData\Local\Programs\MiKTeX\tex/latex/geometry\geometry.sty
Package: geometry 2020/01/02 v5.9 Page Geometry
 (C:\Users\16195\AppData\Local\Programs\MiKTeX\tex/latex/graphics\keyval.sty
Package: keyval 2022/05/29 v1.15 key=value parser (DPC)
\KV@toks@=\toks17
) (C:\Users\16195\AppData\Local\Programs\MiKTeX\tex/generic/iftex\ifvtex.sty
Package: ifvtex 2019/10/25 v1.7 ifvtex legacy package. Use iftex instead.
 (C:\Users\16195\AppData\Local\Programs\MiKTeX\tex/generic/iftex\iftex.sty
Package: iftex 2022/02/03 v1.0f TeX engine tests
))
\Gm@cnth=\count194
\Gm@cntv=\count195
\c@Gm@tempcnt=\count196
\Gm@bindingoffset=\dimen141
\Gm@wd@mp=\dimen142
\Gm@odd@mp=\dimen143
\Gm@even@mp=\dimen144
\Gm@layoutwidth=\dimen145
\Gm@layoutheight=\dimen146
\Gm@layouthoffset=\dimen147
\Gm@layoutvoffset=\dimen148
\Gm@dimlist=\toks18
 (C:\Users\16195\AppData\Local\Programs\MiKTeX\tex/latex/geometry\geometry.cfg))
\@neuripsabovecaptionskip=\skip52
\@neuripsbelowcaptionskip=\skip53
) (C:\Users\16195\AppData\Local\Programs\MiKTeX\tex/latex/base\inputenc.sty
Package: inputenc 2021/02/14 v1.3d Input encoding file
\inpenc@prehook=\toks19
\inpenc@posthook=\toks20
) (C:\Users\16195\AppData\Local\Programs\MiKTeX\tex/latex/base\fontenc.sty
Package: fontenc 2021/04/29 v2.0v Standard LaTeX package
LaTeX Font Info:    Trying to load font information for T1+ptm on input line 112.
 (C:\Users\16195\AppData\Local\Programs\MiKTeX\tex/latex/psnfss\t1ptm.fd
File: t1ptm.fd 2001/06/04 font definitions for T1/ptm.
)) (C:\Users\16195\AppData\Local\Programs\MiKTeX\tex/latex/hyperref\hyperref.sty
Package: hyperref 2023-02-07 v7.00v Hypertext links for LaTeX
 (C:\Users\16195\AppData\Local\Programs\MiKTeX\tex/generic/ltxcmds\ltxcmds.sty
Package: ltxcmds 2020-05-10 v1.25 LaTeX kernel commands for general use (HO)
) (C:\Users\16195\AppData\Local\Programs\MiKTeX\tex/generic/pdftexcmds\pdftexcmds.sty
Package: pdftexcmds 2020-06-27 v0.33 Utility functions of pdfTeX for LuaTeX (HO)
 (C:\Users\16195\AppData\Local\Programs\MiKTeX\tex/generic/infwarerr\infwarerr.sty
Package: infwarerr 2019/12/03 v1.5 Providing info/warning/error messages (HO)
)
Package pdftexcmds Info: \pdf@primitive is available.
Package pdftexcmds Info: \pdf@ifprimitive is available.
Package pdftexcmds Info: \pdfdraftmode found.
) (C:\Users\16195\AppData\Local\Programs\MiKTeX\tex/latex/kvsetkeys\kvsetkeys.sty
Package: kvsetkeys 2022-10-05 v1.19 Key value parser (HO)
) (C:\Users\16195\AppData\Local\Programs\MiKTeX\tex/generic/kvdefinekeys\kvdefinekeys.sty
Package: kvdefinekeys 2019-12-19 v1.6 Define keys (HO)
) (C:\Users\16195\AppData\Local\Programs\MiKTeX\tex/generic/pdfescape\pdfescape.sty
Package: pdfescape 2019/12/09 v1.15 Implements pdfTeX's escape features (HO)
) (C:\Users\16195\AppData\Local\Programs\MiKTeX\tex/latex/hycolor\hycolor.sty
Package: hycolor 2020-01-27 v1.10 Color options for hyperref/bookmark (HO)
) (C:\Users\16195\AppData\Local\Programs\MiKTeX\tex/latex/letltxmacro\letltxmacro.sty
Package: letltxmacro 2019/12/03 v1.6 Let assignment for LaTeX macros (HO)
) (C:\Users\16195\AppData\Local\Programs\MiKTeX\tex/latex/auxhook\auxhook.sty
Package: auxhook 2019-12-17 v1.6 Hooks for auxiliary files (HO)
) (C:\Users\16195\AppData\Local\Programs\MiKTeX\tex/latex/hyperref\nameref.sty
Package: nameref 2022-05-17 v2.50 Cross-referencing by name of section
 (C:\Users\16195\AppData\Local\Programs\MiKTeX\tex/latex/refcount\refcount.sty
Package: refcount 2019/12/15 v3.6 Data extraction from label references (HO)
) (C:\Users\16195\AppData\Local\Programs\MiKTeX\tex/generic/gettitlestring\gettitlestring.sty
Package: gettitlestring 2019/12/15 v1.6 Cleanup title references (HO)
 (C:\Users\16195\AppData\Local\Programs\MiKTeX\tex/latex/kvoptions\kvoptions.sty
Package: kvoptions 2022-06-15 v3.15 Key value format for package options (HO)
))
\c@section@level=\count197
)
\@linkdim=\dimen149
\Hy@linkcounter=\count198
\Hy@pagecounter=\count199
 (C:\Users\16195\AppData\Local\Programs\MiKTeX\tex/latex/hyperref\pd1enc.def
File: pd1enc.def 2023-02-07 v7.00v Hyperref: PDFDocEncoding definition (HO)
Now handling font encoding PD1 ...
... no UTF-8 mapping file for font encoding PD1
) (C:\Users\16195\AppData\Local\Programs\MiKTeX\tex/generic/intcalc\intcalc.sty
Package: intcalc 2019/12/15 v1.3 Expandable calculations with integers (HO)
) (C:\Users\16195\AppData\Local\Programs\MiKTeX\tex/generic/etexcmds\etexcmds.sty
Package: etexcmds 2019/12/15 v1.7 Avoid name clashes with e-TeX commands (HO)
)
\Hy@SavedSpaceFactor=\count266
 (C:\Users\16195\AppData\Local\Programs\MiKTeX\tex/latex/hyperref\puenc.def
File: puenc.def 2023-02-07 v7.00v Hyperref: PDF Unicode definition (HO)
Now handling font encoding PU ...
... no UTF-8 mapping file for font encoding PU
)
Package hyperref Info: Hyper figures OFF on input line 4177.
Package hyperref Info: Link nesting OFF on input line 4182.
Package hyperref Info: Hyper index ON on input line 4185.
Package hyperref Info: Plain pages OFF on input line 4192.
Package hyperref Info: Backreferencing OFF on input line 4197.
Package hyperref Info: Implicit mode ON; LaTeX internals redefined.
Package hyperref Info: Bookmarks ON on input line 4425.
\c@Hy@tempcnt=\count267
 (C:\Users\16195\AppData\Local\Programs\MiKTeX\tex/latex/url\url.sty
\Urlmuskip=\muskip16
Package: url 2013/09/16  ver 3.4  Verb mode for urls, etc.
)
LaTeX Info: Redefining \url on input line 4763.
\XeTeXLinkMargin=\dimen150
 (C:\Users\16195\AppData\Local\Programs\MiKTeX\tex/generic/bitset\bitset.sty
Package: bitset 2019/12/09 v1.3 Handle bit-vector datatype (HO)
 (C:\Users\16195\AppData\Local\Programs\MiKTeX\tex/generic/bigintcalc\bigintcalc.sty
Package: bigintcalc 2019/12/15 v1.5 Expandable calculations on big integers (HO)
))
\Fld@menulength=\count268
\Field@Width=\dimen151
\Fld@charsize=\dimen152
Package hyperref Info: Hyper figures OFF on input line 6042.
Package hyperref Info: Link nesting OFF on input line 6047.
Package hyperref Info: Hyper index ON on input line 6050.
Package hyperref Info: backreferencing OFF on input line 6057.
Package hyperref Info: Link coloring OFF on input line 6062.
Package hyperref Info: Link coloring with OCG OFF on input line 6067.
Package hyperref Info: PDF/A mode OFF on input line 6072.
 (C:\Users\16195\AppData\Local\Programs\MiKTeX\tex/latex/base\atbegshi-ltx.sty
Package: atbegshi-ltx 2021/01/10 v1.0c Emulation of the original atbegshi
package with kernel methods
)
\Hy@abspage=\count269
\c@Item=\count270
\c@Hfootnote=\count271
)
Package hyperref Info: Driver (autodetected): hpdftex.
 (C:\Users\16195\AppData\Local\Programs\MiKTeX\tex/latex/hyperref\hpdftex.def
File: hpdftex.def 2023-02-07 v7.00v Hyperref driver for pdfTeX
 (C:\Users\16195\AppData\Local\Programs\MiKTeX\tex/latex/base\atveryend-ltx.sty
Package: atveryend-ltx 2020/08/19 v1.0a Emulation of the original atveryend package
with kernel methods
)
\Fld@listcount=\count272
\c@bookmark@seq@number=\count273
 (C:\Users\16195\AppData\Local\Programs\MiKTeX\tex/latex/rerunfilecheck\rerunfilecheck.sty
Package: rerunfilecheck 2022-07-10 v1.10 Rerun checks for auxiliary files (HO)
 (C:\Users\16195\AppData\Local\Programs\MiKTeX\tex/generic/uniquecounter\uniquecounter.sty
Package: uniquecounter 2019/12/15 v1.4 Provide unlimited unique counter (HO)
)
Package uniquecounter Info: New unique counter `rerunfilecheck' on input line 285.
)
\Hy@SectionHShift=\skip54
) (C:\Users\16195\AppData\Local\Programs\MiKTeX\tex/latex/booktabs\booktabs.sty
Package: booktabs 2020/01/12 v1.61803398 Publication quality tables
\heavyrulewidth=\dimen153
\lightrulewidth=\dimen154
\cmidrulewidth=\dimen155
\belowrulesep=\dimen156
\belowbottomsep=\dimen157
\aboverulesep=\dimen158
\abovetopsep=\dimen159
\cmidrulesep=\dimen160
\cmidrulekern=\dimen161
\defaultaddspace=\dimen162
\@cmidla=\count274
\@cmidlb=\count275
\@aboverulesep=\dimen163
\@belowrulesep=\dimen164
\@thisruleclass=\count276
\@lastruleclass=\count277
\@thisrulewidth=\dimen165
) (C:\Users\16195\AppData\Local\Programs\MiKTeX\tex/latex/amsfonts\amsfonts.sty
Package: amsfonts 2013/01/14 v3.01 Basic AMSFonts support
\@emptytoks=\toks21
\symAMSa=\mathgroup4
\symAMSb=\mathgroup5
LaTeX Font Info:    Redeclaring math symbol \hbar on input line 98.
LaTeX Font Info:    Overwriting math alphabet `\mathfrak' in version `bold'
(Font)                  U/euf/m/n --> U/euf/b/n on input line 106.
) (C:\Users\16195\AppData\Local\Programs\MiKTeX\tex/latex/units\nicefrac.sty
Package: nicefrac 1998/08/04 v0.9b Nice fractions
\L@UnitsRaiseDisplaystyle=\skip55
\L@UnitsRaiseTextstyle=\skip56
\L@UnitsRaiseScriptstyle=\skip57
 (C:\Users\16195\AppData\Local\Programs\MiKTeX\tex/latex/base\ifthen.sty
Package: ifthen 2022/04/13 v1.1d Standard LaTeX ifthen package (DPC)
)) (C:\Users\16195\AppData\Local\Programs\MiKTeX\tex/latex/microtype\microtype.sty
Package: microtype 2022/06/23 v3.0f Micro-typographical refinements (RS)
 (C:\Users\16195\AppData\Local\Programs\MiKTeX\tex/latex/etoolbox\etoolbox.sty
Package: etoolbox 2020/10/05 v2.5k e-TeX tools for LaTeX (JAW)
\etb@tempcnta=\count278
)
\MT@toks=\toks22
\MT@tempbox=\box51
\MT@count=\count279
LaTeX Info: Redefining \noprotrusionifhmode on input line 1045.
LaTeX Info: Redefining \leftprotrusion on input line 1046.
LaTeX Info: Redefining \rightprotrusion on input line 1056.
LaTeX Info: Redefining \textls on input line 1234.
\MT@outer@kern=\dimen166
LaTeX Info: Redefining \textmicrotypecontext on input line 1858.
\MT@listname@count=\count280
 (C:\Users\16195\AppData\Local\Programs\MiKTeX\tex/latex/microtype\microtype-pdftex.def
File: microtype-pdftex.def 2022/06/23 v3.0f Definitions specific to pdftex (RS)
LaTeX Info: Redefining \lsstyle on input line 900.
LaTeX Info: Redefining \lslig on input line 900.
\MT@outer@space=\skip58
)
Package microtype Info: Loading configuration file microtype.cfg.
 (C:\Users\16195\AppData\Local\Programs\MiKTeX\tex/latex/microtype\microtype.cfg
File: microtype.cfg 2022/06/23 v3.0f microtype main configuration file (RS)
)) (C:\Users\16195\AppData\Local\Programs\MiKTeX\tex/latex/xcolor\xcolor.sty
Package: xcolor 2022/06/12 v2.14 LaTeX color extensions (UK)
 (C:\Users\16195\AppData\Local\Programs\MiKTeX\tex/latex/graphics-cfg\color.cfg
File: color.cfg 2016/01/02 v1.6 sample color configuration
)
Package xcolor Info: Driver file: pdftex.def on input line 227.
 (C:\Users\16195\AppData\Local\Programs\MiKTeX\tex/latex/graphics-def\pdftex.def
File: pdftex.def 2022/09/22 v1.2b Graphics/color driver for pdftex
) (C:\Users\16195\AppData\Local\Programs\MiKTeX\tex/latex/graphics\mathcolor.ltx)
Package xcolor Info: Model `cmy' substituted by `cmy0' on input line 1353.
Package xcolor Info: Model `hsb' substituted by `rgb' on input line 1357.
Package xcolor Info: Model `RGB' extended on input line 1369.
Package xcolor Info: Model `HTML' substituted by `rgb' on input line 1371.
Package xcolor Info: Model `Hsb' substituted by `hsb' on input line 1372.
Package xcolor Info: Model `tHsb' substituted by `hsb' on input line 1373.
Package xcolor Info: Model `HSB' substituted by `hsb' on input line 1374.
Package xcolor Info: Model `Gray' substituted by `gray' on input line 1375.
Package xcolor Info: Model `wave' substituted by `hsb' on input line 1376.
) (C:\Users\16195\AppData\Local\Programs\MiKTeX\tex/latex/amsmath\amsmath.sty
Package: amsmath 2022/04/08 v2.17n AMS math features
\@mathmargin=\skip59

For additional information on amsmath, use the `?' option.
(C:\Users\16195\AppData\Local\Programs\MiKTeX\tex/latex/amsmath\amstext.sty
Package: amstext 2021/08/26 v2.01 AMS text
 (C:\Users\16195\AppData\Local\Programs\MiKTeX\tex/latex/amsmath\amsgen.sty
File: amsgen.sty 1999/11/30 v2.0 generic functions
\@emptytoks=\toks23
\ex@=\dimen167
)) (C:\Users\16195\AppData\Local\Programs\MiKTeX\tex/latex/amsmath\amsbsy.sty
Package: amsbsy 1999/11/29 v1.2d Bold Symbols
\pmbraise@=\dimen168
) (C:\Users\16195\AppData\Local\Programs\MiKTeX\tex/latex/amsmath\amsopn.sty
Package: amsopn 2022/04/08 v2.04 operator names
)
\inf@bad=\count281
LaTeX Info: Redefining \frac on input line 234.
\uproot@=\count282
\leftroot@=\count283
LaTeX Info: Redefining \overline on input line 399.
LaTeX Info: Redefining \colon on input line 410.
\classnum@=\count284
\DOTSCASE@=\count285
LaTeX Info: Redefining \ldots on input line 496.
LaTeX Info: Redefining \dots on input line 499.
LaTeX Info: Redefining \cdots on input line 620.
\Mathstrutbox@=\box52
\strutbox@=\box53
LaTeX Info: Redefining \big on input line 722.
LaTeX Info: Redefining \Big on input line 723.
LaTeX Info: Redefining \bigg on input line 724.
LaTeX Info: Redefining \Bigg on input line 725.
\big@size=\dimen169
LaTeX Font Info:    Redeclaring font encoding OML on input line 743.
LaTeX Font Info:    Redeclaring font encoding OMS on input line 744.
\macc@depth=\count286
LaTeX Info: Redefining \bmod on input line 905.
LaTeX Info: Redefining \pmod on input line 910.
LaTeX Info: Redefining \smash on input line 940.
LaTeX Info: Redefining \relbar on input line 970.
LaTeX Info: Redefining \Relbar on input line 971.
\c@MaxMatrixCols=\count287
\dotsspace@=\muskip17
\c@parentequation=\count288
\dspbrk@lvl=\count289
\tag@help=\toks24
\row@=\count290
\column@=\count291
\maxfields@=\count292
\andhelp@=\toks25
\eqnshift@=\dimen170
\alignsep@=\dimen171
\tagshift@=\dimen172
\tagwidth@=\dimen173
\totwidth@=\dimen174
\lineht@=\dimen175
\@envbody=\toks26
\multlinegap=\skip60
\multlinetaggap=\skip61
\mathdisplay@stack=\toks27
LaTeX Info: Redefining \[ on input line 2953.
LaTeX Info: Redefining \] on input line 2954.
) (C:\Users\16195\AppData\Local\Programs\MiKTeX\tex/latex/graphics\graphicx.sty
Package: graphicx 2021/09/16 v1.2d Enhanced LaTeX Graphics (DPC,SPQR)
 (C:\Users\16195\AppData\Local\Programs\MiKTeX\tex/latex/graphics\graphics.sty
Package: graphics 2022/03/10 v1.4e Standard LaTeX Graphics (DPC,SPQR)
 (C:\Users\16195\AppData\Local\Programs\MiKTeX\tex/latex/graphics\trig.sty
Package: trig 2021/08/11 v1.11 sin cos tan (DPC)
) (C:\Users\16195\AppData\Local\Programs\MiKTeX\tex/latex/graphics-cfg\graphics.cfg
File: graphics.cfg 2016/06/04 v1.11 sample graphics configuration
)
Package graphics Info: Driver file: pdftex.def on input line 107.
)
\Gin@req@height=\dimen176
\Gin@req@width=\dimen177
) (C:\Users\16195\AppData\Local\Programs\MiKTeX\tex/latex/minted\minted.sty
Package: minted 2022/12/12 v2.7 Yet another Pygments shim for LaTeX
 (C:\Users\16195\AppData\Local\Programs\MiKTeX\tex/latex/fvextra\fvextra.sty
Package: fvextra 2022/11/30 v1.5 fvextra - extensions and patches for fancyvrb
 (C:\Users\16195\AppData\Local\Programs\MiKTeX\tex/latex/fancyvrb\fancyvrb.sty
Package: fancyvrb 2023/01/19 4.5a verbatim text (tvz,hv)
\FV@CodeLineNo=\count293
\FV@InFile=\read2
\FV@TabBox=\box54
\c@FancyVerbLine=\count294
\FV@StepNumber=\count295
\FV@OutFile=\write3
) (C:\Users\16195\AppData\Local\Programs\MiKTeX\tex/latex/upquote\upquote.sty
Package: upquote 2012/04/19 v1.3 upright-quote and grave-accent glyphs in verbatim
 (C:\Users\16195\AppData\Local\Programs\MiKTeX\tex/latex/base\textcomp.sty
Package: textcomp 2020/02/02 v2.0n Standard LaTeX package
)) (C:\Users\16195\AppData\Local\Programs\MiKTeX\tex/latex/lineno\lineno.sty
Package: lineno 2023/01/19 line numbers on paragraphs v5.1
\linenopenalty=\count296
\output=\toks28
\linenoprevgraf=\count297
\linenumbersep=\dimen178
\linenumberwidth=\dimen179
\c@linenumber=\count298
\c@pagewiselinenumber=\count299
\c@LN@truepage=\count300
\c@internallinenumber=\count301
\c@internallinenumbers=\count302
\quotelinenumbersep=\dimen180
\bframerule=\dimen181
\bframesep=\dimen182
\bframebox=\box55
\linenoamsmath@ams@eqpen=\count303
LaTeX Info: Redefining \\ on input line 3131.
)
\c@FV@TrueTabGroupLevel=\count304
\c@FV@TrueTabCounter=\count305
\FV@TabBox@Group=\box56
\FV@TmpLength=\skip62
\c@FV@HighlightLinesStart=\count306
\c@FV@HighlightLinesStop=\count307
\FV@LoopCount=\count308
\FV@NCharsBox=\box57
\FV@BreakIndent=\dimen183
\FV@BreakIndentNChars=\count309
\FV@BreakSymbolSepLeft=\dimen184
\FV@BreakSymbolSepLeftNChars=\count310
\FV@BreakSymbolSepRight=\dimen185
\FV@BreakSymbolSepRightNChars=\count311
\FV@BreakSymbolIndentLeft=\dimen186
\FV@BreakSymbolIndentLeftNChars=\count312
\FV@BreakSymbolIndentRight=\dimen187
\FV@BreakSymbolIndentRightNChars=\count313
\c@FancyVerbLineBreakLast=\count314
\FV@LineBox=\box58
\FV@LineIndentBox=\box59
\c@FV@BreakBufferDepth=\count315
\FV@LineWidth=\dimen188
) (C:\Users\16195\AppData\Local\Programs\MiKTeX\tex/latex/tools\calc.sty
Package: calc 2017/05/25 v4.3 Infix arithmetic (KKT,FJ)
\calc@Acount=\count316
\calc@Bcount=\count317
\calc@Adimen=\dimen189
\calc@Bdimen=\dimen190
\calc@Askip=\skip63
\calc@Bskip=\skip64
LaTeX Info: Redefining \setlength on input line 80.
LaTeX Info: Redefining \addtolength on input line 81.
\calc@Ccount=\count318
\calc@Cskip=\skip65
) (C:\Users\16195\AppData\Local\Programs\MiKTeX\tex/latex/tools\shellesc.sty
Package: shellesc 2019/11/08 v1.0c unified shell escape interface for LaTeX
Package shellesc Info: Unrestricted shell escape enabled on input line 75.
) (C:\Users\16195\AppData\Local\Programs\MiKTeX\tex/latex/ifplatform\ifplatform.sty
Package: ifplatform 2017/10/13 v0.4a Testing for the operating system
 (C:\Users\16195\AppData\Local\Programs\MiKTeX\tex/generic/catchfile\catchfile.sty
Package: catchfile 2019/12/09 v1.8 Catch the contents of a file (HO)
) (C:\Users\16195\AppData\Local\Programs\MiKTeX\tex/generic/iftex\ifluatex.sty
Package: ifluatex 2019/10/25 v1.5 ifluatex legacy package. Use iftex instead.
)) (C:\Users\16195\AppData\Local\Programs\MiKTeX\tex/latex/xstring\xstring.sty (C:\Users\16195\AppData\Local\Programs\MiKTeX\tex/generic/xstring\xstring.tex
\integerpart=\count319
\decimalpart=\count320
)
Package: xstring 2023/01/14 v1.85 String manipulations (CT)
) (C:\Users\16195\AppData\Local\Programs\MiKTeX\tex/latex/framed\framed.sty
Package: framed 2011/10/22 v 0.96: framed or shaded text with page breaks
\OuterFrameSep=\skip66
\fb@frw=\dimen191
\fb@frh=\dimen192
\FrameRule=\dimen193
\FrameSep=\dimen194
) (C:\Users\16195\AppData\Local\Programs\MiKTeX\tex/latex/float\float.sty
Package: float 2001/11/08 v1.3d Float enhancements (AL)
\c@float@type=\count321
\float@exts=\toks29
\float@box=\box60
\@float@everytoks=\toks30
\@floatcapt=\box61
)
\minted@appexistsfile=\read3
\minted@bgbox=\box62
\minted@code=\write4
\c@minted@FancyVerbLineTemp=\count322
\c@minted@pygmentizecounter=\count323
\@float@every@listing=\toks31
\c@listing=\count324
)
runsystem(if not exist _minted-report mkdir _minted-report)...executed.

 (C:\Users\16195\AppData\Local\Programs\MiKTeX\tex/latex/caption\subcaption.sty
Package: subcaption 2022/01/07 v1.5 Sub-captions (AR)
 (C:\Users\16195\AppData\Local\Programs\MiKTeX\tex/latex/caption\caption.sty
Package: caption 2022/03/01 v3.6b Customizing captions (AR)
 (C:\Users\16195\AppData\Local\Programs\MiKTeX\tex/latex/caption\caption3.sty
Package: caption3 2022/03/17 v2.3b caption3 kernel (AR)
\caption@tempdima=\dimen195
\captionmargin=\dimen196
\caption@leftmargin=\dimen197
\caption@rightmargin=\dimen198
\caption@width=\dimen199
\caption@indent=\dimen256
\caption@parindent=\dimen257
\caption@hangindent=\dimen258
Package caption Info: Standard document class detected.
)
\c@caption@flags=\count325
\c@continuedfloat=\count326
Package caption Info: float package is loaded.
Package caption Info: hyperref package is loaded.
)
\c@subfigure=\count327
\c@subtable=\count328
)
runsystem(for ^%i in (pygmentize.exe pygmentize.bat pygmentize.cmd) do set > report.aex <nul: /p x=^%~$PATH:i>> report.aex)...executed.

runsystem(del report.aex)...executed.

 (C:\Users\16195\AppData\Local\Programs\MiKTeX\tex/latex/l3backend\l3backend-pdftex.def
File: l3backend-pdftex.def 2023-01-16 L3 backend support: PDF output (pdfTeX)
\l__color_backend_stack_int=\count329
\l__pdf_internal_box=\box63
) (report.aux)
\openout1 = `report.aux'.

LaTeX Font Info:    Checking defaults for OML/cmm/m/it on input line 79.
LaTeX Font Info:    ... okay on input line 79.
LaTeX Font Info:    Checking defaults for OMS/cmsy/m/n on input line 79.
LaTeX Font Info:    ... okay on input line 79.
LaTeX Font Info:    Checking defaults for OT1/cmr/m/n on input line 79.
LaTeX Font Info:    ... okay on input line 79.
LaTeX Font Info:    Checking defaults for T1/cmr/m/n on input line 79.
LaTeX Font Info:    ... okay on input line 79.
LaTeX Font Info:    Checking defaults for TS1/cmr/m/n on input line 79.
LaTeX Font Info:    ... okay on input line 79.
LaTeX Font Info:    Checking defaults for OMX/cmex/m/n on input line 79.
LaTeX Font Info:    ... okay on input line 79.
LaTeX Font Info:    Checking defaults for U/cmr/m/n on input line 79.
LaTeX Font Info:    ... okay on input line 79.
LaTeX Font Info:    Checking defaults for PD1/pdf/m/n on input line 79.
LaTeX Font Info:    ... okay on input line 79.
LaTeX Font Info:    Checking defaults for PU/pdf/m/n on input line 79.
LaTeX Font Info:    ... okay on input line 79.

*geometry* driver: auto-detecting
*geometry* detected driver: pdftex
*geometry* verbose mode - [ preamble ] result:
* driver: pdftex
* paper: letterpaper
* layout: <same size as paper>
* layoutoffset:(h,v)=(0.0pt,0.0pt)
* modes: 
* h-part:(L,W,R)=(92.14519pt, 430.00462pt, 92.14519pt)
* v-part:(T,H,B)=(95.39737pt, 556.47656pt, 143.09605pt)
* \paperwidth=614.295pt
* \paperheight=794.96999pt
* \textwidth=430.00462pt
* \textheight=556.47656pt
* \oddsidemargin=19.8752pt
* \evensidemargin=19.8752pt
* \topmargin=-13.87262pt
* \headheight=12.0pt
* \headsep=25.0pt
* \topskip=10.0pt
* \footskip=30.0pt
* \marginparwidth=65.0pt
* \marginparsep=11.0pt
* \columnsep=10.0pt
* \skip\footins=9.0pt plus 4.0pt minus 2.0pt
* \hoffset=0.0pt
* \voffset=0.0pt
* \mag=1000
* \@twocolumnfalse
* \@twosidefalse
* \@mparswitchfalse
* \@reversemarginfalse
* (1in=72.27pt=25.4mm, 1cm=28.453pt)

*geometry* verbose mode - [ newgeometry ] result:
* driver: pdftex
* paper: letterpaper
* layout: <same size as paper>
* layoutoffset:(h,v)=(0.0pt,0.0pt)
* modes: 
* h-part:(L,W,R)=(108.405pt, 397.48499pt, 108.40501pt)
* v-part:(T,H,B)=(72.26999pt, 650.43pt, 72.27pt)
* \paperwidth=614.295pt
* \paperheight=794.96999pt
* \textwidth=397.48499pt
* \textheight=650.43pt
* \oddsidemargin=36.13501pt
* \evensidemargin=36.13501pt
* \topmargin=-37.0pt
* \headheight=12.0pt
* \headsep=25.0pt
* \topskip=10.0pt
* \footskip=30.0pt
* \marginparwidth=65.0pt
* \marginparsep=11.0pt
* \columnsep=10.0pt
* \skip\footins=9.0pt plus 4.0pt minus 2.0pt
* \hoffset=0.0pt
* \voffset=0.0pt
* \mag=1000
* \@twocolumnfalse
* \@twosidefalse
* \@mparswitchfalse
* \@reversemarginfalse
* (1in=72.27pt=25.4mm, 1cm=28.453pt)

Package hyperref Info: Link coloring OFF on input line 79.
(report.out) (report.out)
\@outlinefile=\write5
\openout5 = `report.out'.

LaTeX Info: Redefining \microtypecontext on input line 79.
Package microtype Info: Applying patch `item' on input line 79.
Package microtype Info: Applying patch `toc' on input line 79.
Package microtype Info: Applying patch `eqnum' on input line 79.
Package microtype Info: Applying patch `footnote' on input line 79.
Package microtype Info: Generating PDF output.
Package microtype Info: Character protrusion enabled (level 2).
Package microtype Info: Using default protrusion set `alltext'.
Package microtype Info: Automatic font expansion enabled (level 2),
(microtype)             stretch: 20, shrink: 20, step: 1, non-selected.
Package microtype Info: Using default expansion set `alltext-nott'.
LaTeX Info: Redefining \showhyphens on input line 79.
Package microtype Info: No adjustment of tracking.
Package microtype Info: No adjustment of interword spacing.
Package microtype Info: No adjustment of character kerning.
 (C:\Users\16195\AppData\Local\Programs\MiKTeX\tex/latex/microtype\mt-ptm.cfg
File: mt-ptm.cfg 2006/04/20 v1.7 microtype config. file: Times (RS)
) (C:\Users\16195\AppData\Local\Programs\MiKTeX\tex/context/base/mkii\supp-pdf.mkii
[Loading MPS to PDF converter (version 2006.09.02).]
\scratchcounter=\count330
\scratchdimen=\dimen259
\scratchbox=\box64
\nofMPsegments=\count331
\nofMParguments=\count332
\everyMPshowfont=\toks32
\MPscratchCnt=\count333
\MPscratchDim=\dimen260
\MPnumerator=\count334
\makeMPintoPDFobject=\count335
\everyMPtoPDFconversion=\toks33
) (C:\Users\16195\AppData\Local\Programs\MiKTeX\tex/latex/epstopdf-pkg\epstopdf-base.sty
Package: epstopdf-base 2020-01-24 v2.11 Base part for package epstopdf
Package epstopdf-base Info: Redefining graphics rule for `.eps' on input line 485.
 (C:\Users\16195\AppData\Local\Programs\MiKTeX\tex/latex/00miktex\epstopdf-sys.cfg
File: epstopdf-sys.cfg 2021/03/18 v2.0 Configuration of epstopdf for MiKTeX
))
Package caption Info: Begin \AtBeginDocument code.
Package caption Info: End \AtBeginDocument code.
 (C:\Users\16195\AppData\Local\Programs\MiKTeX\tex/latex/microtype\mt-cmr.cfg
File: mt-cmr.cfg 2013/05/19 v2.2 microtype config. file: Computer Modern Roman (RS)
)
LaTeX Font Info:    Trying to load font information for U+msa on input line 83.
 (C:\Users\16195\AppData\Local\Programs\MiKTeX\tex/latex/amsfonts\umsa.fd
File: umsa.fd 2013/01/14 v3.01 AMS symbols A
) (C:\Users\16195\AppData\Local\Programs\MiKTeX\tex/latex/microtype\mt-msa.cfg
File: mt-msa.cfg 2006/02/04 v1.1 microtype config. file: AMS symbols (a) (RS)
)
LaTeX Font Info:    Trying to load font information for U+msb on input line 83.
 (C:\Users\16195\AppData\Local\Programs\MiKTeX\tex/latex/amsfonts\umsb.fd
File: umsb.fd 2013/01/14 v3.01 AMS symbols B
) (C:\Users\16195\AppData\Local\Programs\MiKTeX\tex/latex/microtype\mt-msb.cfg
File: mt-msb.cfg 2005/06/01 v1.0 microtype config. file: AMS symbols (b) (RS)
)
LaTeX Font Info:    Trying to load font information for T1+cmtt on input line 83.
 (C:\Users\16195\AppData\Local\Programs\MiKTeX\tex/latex/base\t1cmtt.fd
File: t1cmtt.fd 2022/07/10 v2.5l Standard LaTeX font definitions
)
Package microtype Info: Loading generic protrusion settings for font family
(microtype)             `cmtt' (encoding: T1).
(microtype)             For optimal results, create family-specific settings.
(microtype)             See the microtype manual for details.
 [1


{C:/Users/16195/AppData/Local/MiKTeX/fonts/map/pdftex/pdftex.map}] [2] [3]
\openout4 = `report.pyg'.

 (_minted-report/default.pygstyle) (_minted-report/41FEE92978B91D903FD463BEECC114B7A3554EE1BE20046431D6D27A27BB52A9.pygtex)
\openout4 = `report.pyg'.

 (_minted-report/1CDE17EAF38B264D3D151F867EE5BF32A3554EE1BE20046431D6D27A27BB52A9.pygtex)

LaTeX Warning: Hyper reference `sec:basic_fcn_architecture' on page 4 undefined on input line 189.

\openout4 = `report.pyg'.

(_minted-report/D98F7F1C2BF9E94604B060ED607FF3E6A3554EE1BE20046431D6D27A27BB52A9.pygtex)
LaTeX Font Info:    Trying to load font information for TS1+ptm on input line 204.
 (C:\Users\16195\AppData\Local\Programs\MiKTeX\tex/latex/psnfss\ts1ptm.fd
File: ts1ptm.fd 2001/06/04 font definitions for TS1/ptm.
) [4]
\openout4 = `report.pyg'.

 (_minted-report/F844C1EF423329C8AADC40DBD998B69BA5CCFFF2BA5AAA42CCCAB1139DF18B0A.pygtex)
\openout4 = `report.pyg'.

 (_minted-report/41FEE92978B91D903FD463BEECC114B7A5CCFFF2BA5AAA42CCCAB1139DF18B0A.pygtex)

LaTeX Warning: `h' float specifier changed to `ht'.


LaTeX Warning: `h' float specifier changed to `ht'.

\openout4 = `report.pyg'.

(_minted-report/1336EF36E4542F9BD342305163C89BA4A5CCFFF2BA5AAA42CCCAB1139DF18B0A.pygtex)
Underfull \vbox (badness 6808) has occurred while \output is active []

 [5]

LaTeX Warning: `!h' float specifier changed to `!ht'.

[6]
<include/plots/actual.png, id=250, 462.528pt x 346.896pt>
File: include/plots/actual.png Graphic file (type png)
<use include/plots/actual.png>
Package pdftex.def Info: include/plots/actual.png  used on input line 352.
(pdftex.def)             Requested size: 317.9892pt x 238.50099pt.


LaTeX Warning: `!h' float specifier changed to `!ht'.

[7]
<include/plots/base_loss.png, id=261, 1734.48pt x 867.24pt>
File: include/plots/base_loss.png Graphic file (type png)
<use include/plots/base_loss.png>
Package pdftex.def Info: include/plots/base_loss.png  used on input line 368.
(pdftex.def)             Requested size: 317.9892pt x 158.99449pt.
<include/plots/base_pred.png, id=262, 216.81pt x 216.81pt>
File: include/plots/base_pred.png Graphic file (type png)
<use include/plots/base_pred.png>
Package pdftex.def Info: include/plots/base_pred.png  used on input line 377.
(pdftex.def)             Requested size: 178.86702pt x 178.87706pt.
<include/plots/baseline_over_actual.png, id=263, 216.81pt x 216.81pt>
File: include/plots/baseline_over_actual.png Graphic file (type png)
<use include/plots/baseline_over_actual.png>
Package pdftex.def Info: include/plots/baseline_over_actual.png  used on input line 385.
(pdftex.def)             Requested size: 178.86702pt x 178.87706pt.


LaTeX Warning: `!h' float specifier changed to `!ht'.


LaTeX Warning: Hyper reference `fig:cosine_annealing_masks_visualization' on page 8 undefined on input line 393.

<include/plots/train_4_a_loss.png, id=265, 1734.48pt x 867.24pt>
File: include/plots/train_4_a_loss.png Graphic file (type png)
<use include/plots/train_4_a_loss.png>
Package pdftex.def Info: include/plots/train_4_a_loss.png  used on input line 397.
(pdftex.def)             Requested size: 317.9892pt x 158.99449pt.

LaTeX Warning: `!h' float specifier changed to `!ht'.

<include/plots/train_4_a_pred.png, id=266, 216.81pt x 216.81pt>
File: include/plots/train_4_a_pred.png Graphic file (type png)
<use include/plots/train_4_a_pred.png>
Package pdftex.def Info: include/plots/train_4_a_pred.png  used on input line 406.
(pdftex.def)             Requested size: 178.86702pt x 178.87706pt.
<include/plots/train_4_a_over_actual.png, id=267, 216.81pt x 216.81pt>
File: include/plots/train_4_a_over_actual.png Graphic file (type png)
<use include/plots/train_4_a_over_actual.png>
Package pdftex.def Info: include/plots/train_4_a_over_actual.png  used on input line 414.
(pdftex.def)             Requested size: 178.86702pt x 178.87706pt.

LaTeX Warning: `!h' float specifier changed to `!ht'.

<include/plots/train_4_b_loss.png, id=269, 1734.48pt x 867.24pt>
File: include/plots/train_4_b_loss.png Graphic file (type png)
<use include/plots/train_4_b_loss.png>
Package pdftex.def Info: include/plots/train_4_b_loss.png  used on input line 426.
(pdftex.def)             Requested size: 317.9892pt x 158.99449pt.

Underfull \vbox (badness 10000) has occurred while \output is active []

 [8 <./include/plots/actual.png> <./include/plots/base_loss.png>]
Underfull \vbox (badness 10000) has occurred while \output is active []

 [9 <./include/plots/base_pred.png> <./include/plots/baseline_over_actual.png> <./include/plots/train_4_a_loss.png> <./include/plots/train_4_a_pred.png> <./include/plots/train_4_a_over_actual.png>]
<include/plots/train_4_b_pred.png, id=289, 216.81pt x 216.81pt>
File: include/plots/train_4_b_pred.png Graphic file (type png)
<use include/plots/train_4_b_pred.png>
Package pdftex.def Info: include/plots/train_4_b_pred.png  used on input line 435.
(pdftex.def)             Requested size: 178.86702pt x 178.87706pt.
<include/plots/train_4_b_over_actual.png, id=290, 216.81pt x 216.81pt>
File: include/plots/train_4_b_over_actual.png Graphic file (type png)
<use include/plots/train_4_b_over_actual.png>
Package pdftex.def Info: include/plots/train_4_b_over_actual.png  used on input line 443.
(pdftex.def)             Requested size: 178.86702pt x 178.87706pt.
<include/plots/train_4_c_loss.png, id=293, 1734.48pt x 867.24pt>
File: include/plots/train_4_c_loss.png Graphic file (type png)
<use include/plots/train_4_c_loss.png>
Package pdftex.def Info: include/plots/train_4_c_loss.png  used on input line 455.
(pdftex.def)             Requested size: 317.9892pt x 158.99449pt.


LaTeX Warning: `!h' float specifier changed to `!ht'.

<include/plots/train_4_c_pred.png, id=294, 216.81pt x 216.81pt>
File: include/plots/train_4_c_pred.png Graphic file (type png)
<use include/plots/train_4_c_pred.png>
Package pdftex.def Info: include/plots/train_4_c_pred.png  used on input line 464.
(pdftex.def)             Requested size: 178.86702pt x 178.87706pt.
<include/plots/train_4_c_over_actual.png, id=295, 216.81pt x 216.81pt>
File: include/plots/train_4_c_over_actual.png Graphic file (type png)
<use include/plots/train_4_c_over_actual.png>
Package pdftex.def Info: include/plots/train_4_c_over_actual.png  used on input line 472.
(pdftex.def)             Requested size: 178.86702pt x 178.87706pt.

LaTeX Warning: `!h' float specifier changed to `!ht'.

<include/plots/train_5_a_loss.png, id=298, 1734.48pt x 867.24pt>
File: include/plots/train_5_a_loss.png Graphic file (type png)
<use include/plots/train_5_a_loss.png>
Package pdftex.def Info: include/plots/train_5_a_loss.png  used on input line 484.
(pdftex.def)             Requested size: 317.9892pt x 158.99449pt.

LaTeX Warning: `!h' float specifier changed to `!ht'.

<include/plots/train_5_a_pred.png, id=299, 433.62pt x 289.08pt>
File: include/plots/train_5_a_pred.png Graphic file (type png)
<use include/plots/train_5_a_pred.png>
Package pdftex.def Info: include/plots/train_5_a_pred.png  used on input line 493.
(pdftex.def)             Requested size: 178.86702pt x 119.24696pt.
<include/plots/train_5_a_over_actual.png, id=300, 433.62pt x 289.08pt>
File: include/plots/train_5_a_over_actual.png Graphic file (type png)
<use include/plots/train_5_a_over_actual.png>
Package pdftex.def Info: include/plots/train_5_a_over_actual.png  used on input line 501.
(pdftex.def)             Requested size: 178.86702pt x 119.24696pt.

LaTeX Warning: `!h' float specifier changed to `!ht'.

[10 <./include/plots/train_4_b_loss.png> <./include/plots/train_4_b_pred.png> <./include/plots/train_4_b_over_actual.png>] [11 <./include/plots/train_4_c_loss.png> <./include/plots/train_4_c_pred.png> <./include/plots/train_4_c_over_actual.png> <./include/plots/train_5_a_loss.png>]
<include/plots/train_5_b_loss.png, id=324, 2409.0pt x 1204.5pt>
File: include/plots/train_5_b_loss.png Graphic file (type png)
<use include/plots/train_5_b_loss.png>
Package pdftex.def Info: include/plots/train_5_b_loss.png  used on input line 514.
(pdftex.def)             Requested size: 317.9892pt x 158.97978pt.
<include/plots/train_5_b_pred.png, id=325, 433.62pt x 289.08pt>
File: include/plots/train_5_b_pred.png Graphic file (type png)
<use include/plots/train_5_b_pred.png>
Package pdftex.def Info: include/plots/train_5_b_pred.png  used on input line 523.
(pdftex.def)             Requested size: 178.86702pt x 119.24696pt.
<include/plots/train_5_b_over_actual.png, id=326, 433.62pt x 289.08pt>
File: include/plots/train_5_b_over_actual.png Graphic file (type png)
<use include/plots/train_5_b_over_actual.png>
Package pdftex.def Info: include/plots/train_5_b_over_actual.png  used on input line 531.
(pdftex.def)             Requested size: 178.86702pt x 119.24696pt.
<include/plots/train_5_c_loss.png, id=329, 1734.48pt x 867.24pt>
File: include/plots/train_5_c_loss.png Graphic file (type png)
<use include/plots/train_5_c_loss.png>
Package pdftex.def Info: include/plots/train_5_c_loss.png  used on input line 543.
(pdftex.def)             Requested size: 317.9892pt x 158.99449pt.


LaTeX Warning: `!h' float specifier changed to `!ht'.

<include/plots/train_5_c_pred.png, id=330, 433.62pt x 289.08pt>
File: include/plots/train_5_c_pred.png Graphic file (type png)
<use include/plots/train_5_c_pred.png>
Package pdftex.def Info: include/plots/train_5_c_pred.png  used on input line 552.
(pdftex.def)             Requested size: 178.86702pt x 119.24696pt.
<include/plots/train_5_c_over_actual.png, id=331, 433.62pt x 289.08pt>
File: include/plots/train_5_c_over_actual.png Graphic file (type png)
<use include/plots/train_5_c_over_actual.png>
Package pdftex.def Info: include/plots/train_5_c_over_actual.png  used on input line 560.
(pdftex.def)             Requested size: 178.86702pt x 119.24696pt.

LaTeX Warning: `!h' float specifier changed to `!ht'.

<include/plots/better_5c.png, id=333, 129.48375pt x 149.8097pt>
File: include/plots/better_5c.png Graphic file (type png)
<use include/plots/better_5c.png>
Package pdftex.def Info: include/plots/better_5c.png  used on input line 571.
(pdftex.def)             Requested size: 278.23827pt x 321.94966pt.
[12 <./include/plots/train_5_a_pred.png> <./include/plots/train_5_a_over_actual.png> <./include/plots/train_5_b_loss.png> <./include/plots/train_5_b_pred.png> <./include/plots/train_5_b_over_actual.png>]

LaTeX Warning: `!h' float specifier changed to `!ht'.

[13 <./include/plots/train_5_c_loss.png> <./include/plots/train_5_c_pred.png> <./include/plots/train_5_c_over_actual.png>]
Underfull \vbox (badness 10000) has occurred while \output is active []

 [14 <./include/plots/better_5c.png>] [15] [16]
<include/best model/boat1_pred.png, id=368, 433.62pt x 289.08pt>
File: include/best model/boat1_pred.png Graphic file (type png)
<use include/best model/boat1_pred.png>
Package pdftex.def Info: include/best model/boat1_pred.png  used on input line 609.
(pdftex.def)             Requested size: 178.86702pt x 119.24696pt.
<include/best model/boat1_over_actual.png, id=369, 433.62pt x 289.08pt>
File: include/best model/boat1_over_actual.png Graphic file (type png)
<use include/best model/boat1_over_actual.png>
Package pdftex.def Info: include/best model/boat1_over_actual.png  used on input line 616.
(pdftex.def)             Requested size: 178.86702pt x 119.24696pt.
<include/best model/dinningtable1_pred.png, id=370, 433.62pt x 289.08pt>
File: include/best model/dinningtable1_pred.png Graphic file (type png)
<use include/best model/dinningtable1_pred.png>
Package pdftex.def Info: include/best model/dinningtable1_pred.png  used on input line 621.
(pdftex.def)             Requested size: 178.86702pt x 119.24696pt.
<include/best model/diningtable1_over_actual.png, id=371, 433.62pt x 289.08pt>
File: include/best model/diningtable1_over_actual.png Graphic file (type png)
<use include/best model/diningtable1_over_actual.png>
Package pdftex.def Info: include/best model/diningtable1_over_actual.png  used on input line 628.
(pdftex.def)             Requested size: 178.86702pt x 119.24696pt.
<include/best model/cat1_pred.png, id=372, 433.62pt x 289.08pt>
File: include/best model/cat1_pred.png Graphic file (type png)
<use include/best model/cat1_pred.png>
Package pdftex.def Info: include/best model/cat1_pred.png  used on input line 633.
(pdftex.def)             Requested size: 178.86702pt x 119.24696pt.
<include/best model/cat1_over_actual.png, id=373, 433.62pt x 289.08pt>
File: include/best model/cat1_over_actual.png Graphic file (type png)
<use include/best model/cat1_over_actual.png>
Package pdftex.def Info: include/best model/cat1_over_actual.png  used on input line 640.
(pdftex.def)             Requested size: 178.86702pt x 119.24696pt.
<include/best model/cow1_pred.png, id=374, 433.62pt x 289.08pt>
File: include/best model/cow1_pred.png Graphic file (type png)
<use include/best model/cow1_pred.png>
Package pdftex.def Info: include/best model/cow1_pred.png  used on input line 649.
(pdftex.def)             Requested size: 178.86702pt x 119.24696pt.
<include/best model/cow1_over_actual.png, id=375, 433.62pt x 289.08pt>
File: include/best model/cow1_over_actual.png Graphic file (type png)
<use include/best model/cow1_over_actual.png>
Package pdftex.def Info: include/best model/cow1_over_actual.png  used on input line 656.
(pdftex.def)             Requested size: 178.86702pt x 119.24696pt.
<include/best model/motorbike1_pred.png, id=376, 433.62pt x 289.08pt>
File: include/best model/motorbike1_pred.png Graphic file (type png)
<use include/best model/motorbike1_pred.png>
Package pdftex.def Info: include/best model/motorbike1_pred.png  used on input line 661.
(pdftex.def)             Requested size: 178.86702pt x 119.24696pt.
<include/best model/motorbike1_over_actual.png, id=377, 433.62pt x 289.08pt>
File: include/best model/motorbike1_over_actual.png Graphic file (type png)
<use include/best model/motorbike1_over_actual.png>
Package pdftex.def Info: include/best model/motorbike1_over_actual.png  used on input line 668.
(pdftex.def)             Requested size: 178.86702pt x 119.24696pt.
<include/best model/msc1_pred.png, id=378, 433.62pt x 289.08pt>
File: include/best model/msc1_pred.png Graphic file (type png)
<use include/best model/msc1_pred.png>
Package pdftex.def Info: include/best model/msc1_pred.png  used on input line 673.
(pdftex.def)             Requested size: 178.86702pt x 119.24696pt.
<include/best model/msc1_over_actual.png, id=379, 433.62pt x 289.08pt>
File: include/best model/msc1_over_actual.png Graphic file (type png)
<use include/best model/msc1_over_actual.png>
Package pdftex.def Info: include/best model/msc1_over_actual.png  used on input line 680.
(pdftex.def)             Requested size: 178.86702pt x 119.24696pt.
<include/best model/plane1_pred.png, id=380, 433.62pt x 289.08pt>
File: include/best model/plane1_pred.png Graphic file (type png)
<use include/best model/plane1_pred.png>
Package pdftex.def Info: include/best model/plane1_pred.png  used on input line 685.
(pdftex.def)             Requested size: 178.86702pt x 119.24696pt.
<include/best model/plane1_over_actual.png, id=381, 433.62pt x 289.08pt>
File: include/best model/plane1_over_actual.png Graphic file (type png)
<use include/best model/plane1_over_actual.png>
Package pdftex.def Info: include/best model/plane1_over_actual.png  used on input line 692.
(pdftex.def)             Requested size: 178.86702pt x 119.24696pt.


LaTeX Warning: `h' float specifier changed to `ht'.

[17 <./include/best model/boat1_pred.png> <./include/best model/boat1_over_actual.png> <./include/best model/dinningtable1_pred.png> <./include/best model/diningtable1_over_actual.png> <./include/best model/cat1_pred.png> <./include/best model/cat1_over_actual.png>]
Underfull \vbox (badness 1874) has occurred while \output is active []

 [18 <./include/best model/cow1_pred.png> <./include/best model/cow1_over_actual.png> <./include/best model/motorbike1_pred.png> <./include/best model/motorbike1_over_actual.png> <./include/best model/msc1_pred.png> <./include/best model/msc1_over_actual.png> <./include/best model/plane1_pred.png> <./include/best model/plane1_over_actual.png>] (report.bbl)
<include/u-net.png, id=406, 378.41376pt x 236.38312pt>
File: include/u-net.png Graphic file (type png)
<use include/u-net.png>
Package pdftex.def Info: include/u-net.png  used on input line 734.
(pdftex.def)             Requested size: 317.9892pt x 198.63982pt.
\openout3 = `report.pyg'.

 (_minted-report/CEDA09BB6D627F75F9C56A36999C13F096676D74B2A82592015B3625074C6312.pygtex
LaTeX Font Info:    Font shape `T1/cmtt/bx/n' in size <10> not available
(Font)              Font shape `T1/cmtt/m/n' tried instead on input line 2.

Underfull \vbox (badness 4765) has occurred while \output is active []

 [19 <./include/u-net.png>])
\openout3 = `report.pyg'.

 (_minted-report/65A0FED32C9AB4BE7474A130DC5C6FC596676D74B2A82592015B3625074C6312.pygtex)
\openout3 = `report.pyg'.

 (_minted-report/C1B79B1B244EDDC50967E4C8E181D2D696676D74B2A82592015B3625074C6312.pygtex)
\openout3 = `report.pyg'.

 (_minted-report/57083D41D5D76DF94207EA76C9FE688496676D74B2A82592015B3625074C6312.pygtex [20]) [21] (report.aux)

LaTeX Warning: There were undefined references.

Package rerunfilecheck Info: File `report.out' has not changed.
(rerunfilecheck)             Checksum: 49A60506A3AE5CF51268064ABFD2D677;7693.
runsystem(del report.pyg)...executed.

 ) 
Here is how much of TeX's memory you used:
 18143 strings out of 476339
 325805 string characters out of 5788119
 1891340 words of memory out of 5000000
 37936 multiletter control sequences out of 15000+600000
 545833 words of font info for 172 fonts, out of 8000000 for 9000
 1141 hyphenation exceptions out of 8191
 75i,9n,81p,1712b,813s stack positions out of 10000i,1000n,20000p,200000b,200000s
 <C:\Users\16195\AppData\Local\MiKTeX\fonts/pk/ljfour/jknappen/ec/dpi600\ecit1000.pk>{C:/Users/16195/AppData/Local/Programs/MiKTeX/fonts/enc/dvips/base/8r.enc} <C:\Users\16195\AppData\Local\MiKTeX\fonts/pk/ljfour/jknappen/ec/dpi600\ectt1000.pk><C:/Users/16195/AppData/Local/Programs/MiKTeX/fonts/type1/public/amsfonts/cm/cmex10.pfb><C:/Users/16195/AppData/Local/Programs/MiKTeX/fonts/type1/public/amsfonts/cm/cmmi10.pfb><C:/Users/16195/AppData/Local/Programs/MiKTeX/fonts/type1/public/amsfonts/cm/cmmi7.pfb><C:/Users/16195/AppData/Local/Programs/MiKTeX/fonts/type1/public/amsfonts/cm/cmr10.pfb><C:/Users/16195/AppData/Local/Programs/MiKTeX/fonts/type1/public/amsfonts/cm/cmr7.pfb><C:/Users/16195/AppData/Local/Programs/MiKTeX/fonts/type1/public/amsfonts/cm/cmsy10.pfb><C:/Users/16195/AppData/Local/Programs/MiKTeX/fonts/type1/public/amsfonts/cm/cmsy7.pfb><C:/Users/16195/AppData/Local/Programs/MiKTeX/fonts/type1/urw/times/utmb8a.pfb><C:/Users/16195/AppData/Local/Programs/MiKTeX/fonts/type1/urw/times/utmr8a.pfb><C:/Users/16195/AppData/Local/Programs/MiKTeX/fonts/type1/urw/times/utmri8a.pfb>
Output written on report.pdf (21 pages, 2480230 bytes).
PDF statistics:
 602 PDF objects out of 1000 (max. 8388607)
 101 named destinations out of 1000 (max. 500000)
 37943 words of extra memory for PDF output out of 42996 (max. 10000000)

