\BOOKMARK [1][-]{section.1}{\376\377\000I\000n\000t\000r\000o\000d\000u\000c\000t\000i\000o\000n}{}% 1
\BOOKMARK [2][-]{subsection.1.1}{\376\377\000W\000e\000i\000g\000h\000t\000s\000\040\000I\000n\000i\000t\000i\000a\000l\000i\000z\000a\000t\000i\000o\000n\000\040\000M\000e\000t\000h\000o\000d}{section.1}% 2
\BOOKMARK [2][-]{subsection.1.2}{\376\377\000B\000a\000t\000c\000h\000\040\000N\000o\000r\000m\000a\000l\000i\000z\000a\000t\000i\000o\000n}{section.1}% 3
\BOOKMARK [1][-]{section.2}{\376\377\000R\000e\000l\000a\000t\000e\000d\000\040\000W\000o\000r\000k}{}% 4
\BOOKMARK [2][-]{subsection.2.1}{\376\377\000R\000e\000s\000N\000e\000t\000-\000T\000r\000a\000n\000s\000f\000e\000r\000\040\000L\000e\000a\000r\000n\000i\000n\000g}{section.2}% 5
\BOOKMARK [2][-]{subsection.2.2}{\376\377\000U\000-\000N\000e\000t}{section.2}% 6
\BOOKMARK [1][-]{section.3}{\376\377\000E\000v\000a\000l\000u\000a\000t\000i\000o\000n\000\040\000M\000e\000t\000r\000i\000c\000s}{}% 7
\BOOKMARK [2][-]{subsection.3.1}{\376\377\000I\000n\000t\000e\000r\000s\000e\000c\000t\000i\000o\000n\000\040\000o\000v\000e\000r\000\040\000U\000n\000i\000o\000n\000\040\000\050\000I\000o\000U\000\051}{section.3}% 8
\BOOKMARK [2][-]{subsection.3.2}{\376\377\000P\000i\000x\000e\000l\000\040\000A\000c\000c\000u\000r\000a\000c\000y}{section.3}% 9
\BOOKMARK [2][-]{subsection.3.3}{\376\377\000C\000r\000o\000s\000s\000\040\000E\000n\000t\000r\000o\000p\000y\000\040\000L\000o\000s\000s}{section.3}% 10
\BOOKMARK [1][-]{section.4}{\376\377\000M\000e\000t\000h\000o\000d\000o\000l\000o\000g\000y}{}% 11
\BOOKMARK [2][-]{subsection.4.1}{\376\377\000B\000a\000s\000e\000l\000i\000n\000e\000\040\000F\000u\000l\000l\000y\000\040\000C\000o\000n\000v\000o\000l\000u\000t\000i\000o\000n\000a\000l\000\040\000N\000e\000t\000w\000o\000r\000k}{section.4}% 12
\BOOKMARK [3][-]{subsubsection.4.1.1}{\376\377\000L\000o\000s\000s\000\040\000C\000r\000i\000t\000e\000r\000i\000o\000n}{subsection.4.1}% 13
\BOOKMARK [3][-]{subsubsection.4.1.2}{\376\377\000O\000p\000t\000i\000m\000i\000z\000e\000r}{subsection.4.1}% 14
\BOOKMARK [3][-]{subsubsection.4.1.3}{\376\377\000T\000r\000a\000i\000n\000i\000n\000g}{subsection.4.1}% 15
\BOOKMARK [2][-]{subsection.4.2}{\376\377\000I\000m\000p\000r\000o\000v\000e\000m\000e\000n\000t\000s\000\040\000o\000n\000\040\000B\000a\000s\000e\000l\000i\000n\000e\000\040\000M\000o\000d\000e\000l}{section.4}% 16
\BOOKMARK [3][-]{subsubsection.4.2.1}{\376\377\000C\000o\000s\000i\000n\000e\000\040\000A\000n\000n\000e\000a\000l\000i\000n\000g\000\040\000L\000e\000a\000r\000n\000i\000n\000g\000\040\000R\000a\000t\000e}{subsection.4.2}% 17
\BOOKMARK [3][-]{subsubsection.4.2.2}{\376\377\000D\000a\000t\000a\000\040\000A\000u\000g\000m\000e\000n\000t\000a\000t\000i\000o\000n\000\050\000T\000r\000a\000n\000s\000f\000o\000r\000m\000s\000\051}{subsection.4.2}% 18
\BOOKMARK [3][-]{subsubsection.4.2.3}{\376\377\000C\000l\000a\000s\000s\000\040\000I\000m\000b\000a\000l\000a\000n\000c\000e}{subsection.4.2}% 19
\BOOKMARK [1][-]{section.5}{\376\377\000E\000x\000p\000e\000r\000i\000m\000e\000n\000t\000s\000\040\000w\000i\000t\000h\000\040\000o\000t\000h\000e\000r\000\040\000a\000r\000c\000h\000i\000t\000e\000c\000t\000u\000r\000e\000s}{}% 20
\BOOKMARK [2][-]{subsection.5.1}{\376\377\000C\000u\000s\000t\000o\000m\000\040\000F\000C\000N\000\040\000A\000r\000c\000h\000i\000t\000e\000c\000t\000u\000r\000e}{section.5}% 21
\BOOKMARK [2][-]{subsection.5.2}{\376\377\000R\000e\000s\000N\000e\000t\000-\0005\0000}{section.5}% 22
\BOOKMARK [2][-]{subsection.5.3}{\376\377\000U\000-\000N\000e\000t}{section.5}% 23
\BOOKMARK [1][-]{section.6}{\376\377\000R\000e\000s\000u\000l\000t\000s}{}% 24
\BOOKMARK [2][-]{subsection.6.1}{\376\377\000B\000a\000s\000e\000l\000i\000n\000e\000\040\000F\000u\000l\000l\000y\000\040\000C\000o\000n\000v\000o\000l\000u\000t\000i\000o\000n\000a\000l\000\040\000N\000e\000t\000w\000o\000r\000k}{section.6}% 25
\BOOKMARK [2][-]{subsection.6.2}{\376\377\000I\000m\000p\000r\000o\000v\000e\000m\000e\000n\000t\000s\000\040\000o\000n\000\040\000B\000a\000s\000e\000l\000i\000n\000e\000\040\000M\000o\000d\000e\000l\000\040\000\050\000C\000o\000s\000i\000n\000e\000\040\000A\000n\000n\000e\000a\000l\000i\000n\000g\000\040\000L\000e\000a\000r\000n\000i\000n\000g\000\040\000R\000a\000t\000e\000\051}{section.6}% 26
\BOOKMARK [2][-]{subsection.6.3}{\376\377\000I\000m\000p\000r\000o\000v\000e\000m\000e\000n\000t\000s\000\040\000o\000n\000\040\000B\000a\000s\000e\000l\000i\000n\000e\000\040\000M\000o\000d\000e\000l\000\040\000\050\000D\000a\000t\000a\000\040\000A\000u\000g\000m\000e\000n\000t\000a\000t\000i\000o\000n\000\051}{section.6}% 27
\BOOKMARK [2][-]{subsection.6.4}{\376\377\000I\000m\000p\000r\000o\000v\000e\000m\000e\000n\000t\000s\000\040\000o\000n\000\040\000B\000a\000s\000e\000l\000i\000n\000e\000\040\000M\000o\000d\000e\000l\000\040\000\050\000C\000l\000a\000s\000s\000\040\000I\000m\000b\000a\000l\000a\000n\000c\000e\000\051}{section.6}% 28
\BOOKMARK [2][-]{subsection.6.5}{\376\377\000C\000u\000s\000t\000o\000m\000\040\000F\000C\000N\000\040\000A\000r\000c\000h\000i\000t\000e\000c\000t\000u\000r\000e}{section.6}% 29
\BOOKMARK [2][-]{subsection.6.6}{\376\377\000R\000e\000s\000N\000e\000t\000-\0005\0000}{section.6}% 30
\BOOKMARK [2][-]{subsection.6.7}{\376\377\000U\000-\000N\000e\000t}{section.6}% 31
\BOOKMARK [1][-]{section.7}{\376\377\000D\000i\000s\000c\000u\000s\000s\000i\000o\000n}{}% 32
\BOOKMARK [2][-]{subsection.7.1}{\376\377\000B\000a\000s\000e\000l\000i\000n\000e\000\040\000F\000u\000l\000l\000y\000\040\000C\000o\000n\000v\000o\000l\000u\000t\000i\000o\000n\000a\000l\000\040\000N\000e\000t\000w\000o\000r\000k}{section.7}% 33
\BOOKMARK [2][-]{subsection.7.2}{\376\377\000I\000m\000p\000r\000o\000v\000e\000m\000e\000n\000t\000s\000\040\000o\000n\000\040\000B\000a\000s\000e\000l\000i\000n\000e\000\040\000M\000o\000d\000e\000l}{section.7}% 34
\BOOKMARK [2][-]{subsection.7.3}{\376\377\000E\000x\000p\000i\000r\000e\000m\000e\000n\000t\000s\000\040\000w\000i\000t\000h\000\040\000o\000t\000h\000e\000r\000\040\000a\000r\000c\000h\000i\000t\000e\000c\000t\000u\000r\000e\000s}{section.7}% 35
\BOOKMARK [2][-]{subsection.7.4}{\376\377\000I\000o\000U\000\040\000I\000m\000p\000l\000e\000m\000e\000n\000t\000a\000t\000i\000o\000n\000\040\000d\000i\000f\000f\000e\000r\000e\000n\000c\000e}{section.7}% 36
\BOOKMARK [1][-]{section.8}{\376\377\000B\000e\000s\000t\000\040\000M\000o\000d\000e\000l}{}% 37
\BOOKMARK [1][-]{section.9}{\376\377\000C\000o\000n\000t\000r\000i\000b\000u\000t\000i\000o\000n\000s}{}% 38
\BOOKMARK [2][-]{subsection.9.1}{\376\377\000J\000a\000c\000k}{section.9}% 39
\BOOKMARK [2][-]{subsection.9.2}{\376\377\000H\000o\000u}{section.9}% 40
\BOOKMARK [2][-]{subsection.9.3}{\376\377\000E\000l\000s\000i\000e}{section.9}% 41
\BOOKMARK [2][-]{subsection.9.4}{\376\377\000V\000i\000v\000i\000a\000n}{section.9}% 42
\BOOKMARK [1][-]{appendix.A}{\376\377\000A\000p\000p\000e\000n\000d\000i\000x}{}% 43
\BOOKMARK [2][-]{subsection.A.1}{\376\377\000U\000-\000N\000e\000t\000\040\000A\000r\000c\000h\000i\000t\000e\000c\000t\000u\000r\000e}{appendix.A}% 44
\BOOKMARK [2][-]{subsection.A.2}{\376\377\000U\000-\000N\000e\000t\000\040\000C\000r\000o\000p\000\040\000a\000n\000d\000\040\000C\000o\000p\000y\000\040\000F\000u\000n\000c\000t\000i\000o\000n\000a\000l\000i\000t\000y}{appendix.A}% 45
\BOOKMARK [2][-]{subsection.A.3}{\376\377\000W\000e\000i\000g\000h\000t\000\040\000i\000m\000b\000a\000l\000a\000n\000c\000e\000d\000\040\000c\000o\000d\000e}{appendix.A}% 46
\BOOKMARK [2][-]{subsection.A.4}{\376\377\000D\000a\000t\000a\000\040\000A\000u\000g\000m\000e\000n\000t\000a\000t\000i\000o\000n\000\040\000C\000o\000d\000e}{appendix.A}% 47
